Build started 24/06/2015 17:38:44.
     1>Project "C:\Programmering\Spill\SFML\ExperimentGame\SFML_WorkingSolution\SFML_WorkingSolution\SFML_WorkingSolution.vcxproj" on node 2 (Build target(s)).
     1>ClCompile:
         C:\Program Files (x86)\AAPrograms\Visual Studio 12.0\VC\bin\CL.exe /c /IC:\Programmering\Libraries\SFML\include /ZI /nologo /W3 /WX- /sdl /Od /Oy- /D WIN32 /D _DEBUG /D _CONSOLE /D _LIB /D _UNICODE /D UNICODE /Gm /EHsc /RTC1 /MDd /GS /fp:precise /Zc:wchar_t /Zc:forScope /Fo"Debug\\" /Fd"Debug\vc120.pdb" /Gd /TP /analyze- /errorReport:prompt ..\..\Files\Game.cpp ..\..\Files\Player.cpp ..\..\Files\main.cpp
         Game.cpp
     1>c:\programmering\spill\sfml\experimentgame\files\game.cpp(14): warning C4244: 'argument' : conversion from 'const float' to 'unsigned int', possible loss of data
     1>c:\programmering\spill\sfml\experimentgame\files\game.cpp(30): warning C4244: 'initializing' : conversion from 'sf::Int64' to 'float', possible loss of data
     1>c:\programmering\spill\sfml\experimentgame\files\game.cpp(39): warning C4244: 'initializing' : conversion from 'sf::Int64' to 'int', possible loss of data
     1>c:\programmering\spill\sfml\experimentgame\files\game.cpp(58): warning C4244: 'argument' : conversion from 'int' to 'float', possible loss of data
     1>c:\programmering\spill\sfml\experimentgame\files\game.cpp(59): warning C4244: 'argument' : conversion from 'int' to 'float', possible loss of data
     1>c:\programmering\spill\sfml\experimentgame\files\game.cpp(76): warning C4244: 'argument' : conversion from 'const float' to 'int', possible loss of data
     1>c:\programmering\spill\sfml\experimentgame\files\game.cpp(77): warning C4244: 'argument' : conversion from 'const float' to 'int', possible loss of data
     1>c:\programmering\spill\sfml\experimentgame\files\game.cpp(78): warning C4244: 'argument' : conversion from 'const float' to 'int', possible loss of data
         Generating Code...
         Compiling...
         main.cpp
         Generating Code...
         Skipping... (no relevant changes detected)
         Player.cpp
       Link:
         C:\Program Files (x86)\AAPrograms\Visual Studio 12.0\VC\bin\link.exe /ERRORREPORT:PROMPT /OUT:"C:\Programmering\Spill\SFML\ExperimentGame\SFML_WorkingSolution\Debug\SFML_WorkingSolution.exe" /INCREMENTAL /NOLOGO /LIBPATH:C:\Programmering\Libraries\SFML\lib "sfml-graphics-d.lib" "sfml-window-d.lib" "sfml-system-d.lib" kernel32.lib user32.lib gdi32.lib winspool.lib comdlg32.lib advapi32.lib shell32.lib ole32.lib oleaut32.lib uuid.lib odbc32.lib odbccp32.lib kernel32.lib user32.lib gdi32.lib winspool.lib comdlg32.lib advapi32.lib shell32.lib ole32.lib oleaut32.lib uuid.lib odbc32.lib odbccp32.lib /MANIFEST /MANIFESTUAC:"level='asInvoker' uiAccess='false'" /manifest:embed /DEBUG /PDB:"C:\Programmering\Spill\SFML\ExperimentGame\SFML_WorkingSolution\Debug\SFML_WorkingSolution.pdb" /SUBSYSTEM:CONSOLE /TLBID:1 /DYNAMICBASE /NXCOMPAT /IMPLIB:"C:\Programmering\Spill\SFML\ExperimentGame\SFML_WorkingSolution\Debug\SFML_WorkingSolution.lib" /MACHINE:X86 Debug\Game.obj
         Debug\main.obj
         Debug\Player.obj
         SFML_WorkingSolution.vcxproj -> C:\Programmering\Spill\SFML\ExperimentGame\SFML_WorkingSolution\Debug\SFML_WorkingSolution.exe
     1>Done Building Project "C:\Programmering\Spill\SFML\ExperimentGame\SFML_WorkingSolution\SFML_WorkingSolution\SFML_WorkingSolution.vcxproj" (Build target(s)).

Build succeeded.

Time Elapsed 00:00:00.97
